Arguments: 
  /usr/local/bin/node /usr/local/bin/yarn

PATH: 
  /opt/homebrew/bin:/opt/homebrew/sbin:/usr/local/bin:/usr/bin:/bin:/usr/sbin:/sbin:/opt/homebrew/bin:/opt/homebrew/sbin

Yarn version: 
  1.22.15

Node version: 
  14.18.0

Platform: 
  darwin x64

Trace: 
  Error: EACCES: permission denied, unlink '/Users/karthickramasamy/workspaces/node-course/weather-app/node_modules/.yarn-integrity'

npm manifest: 
  {
    "name": "weather-app",
    "version": "1.0.0",
    "description": "",
    "main": "app.js",
    "scripts": {
      "dev": "nodemon app.js",
      "test": "echo \"Error: no test specified\" && exit 1"
    },
    "author": "",
    "license": "ISC",
    "dependencies": {
      "chalk": "^2.4.1",
      "nodemon": "^2.0.15",
      "validator": "^13.7.0",
      "yargs": "^17.3.1"
    }
  }

yarn manifest: 
  No manifest

Lockfile: 
  No lockfile
